Case #1: 1 0
Case #2: 1 0
Case #3: 1 1
Case #4: 0 0
Case #5: 500 499
Case #6: 1 0
Case #7: 1 0
Case #8: 0 0
Case #9: 0 0
Case #10: 1 0
Case #11: 1 0
Case #12: 0 0
Case #13: 1 0
Case #14: 3906 3905
Case #15: 0 0
Case #16: 0 0
Case #17: 0 0
Case #18: 3 2
Case #19: 1 1
Case #20: 0 0
Case #21: 0 0
Case #22: 0 0
Case #23: 125000 124999
Case #24: 0 0
Case #25: 1 1
Case #26: 0 0
Case #27: 1 0
Case #28: 3 2
Case #29: 0 0
Case #30: 1 0
Case #31: 1953 1952
Case #32: 0 0
Case #33: 2 1
Case #34: 1 0
Case #35: 1 0
Case #36: 0 0
Case #37: 0 0
Case #38: 1 1
Case #39: 0 0
Case #40: 7812 7811
Case #41: 1 0
Case #42: 250000 249999
Case #43: 0 0
Case #44: 3906 3905
Case #45: 0 0
Case #46: 3905 3905
Case #47: 0 0
Case #48: 0 0
Case #49: 0 0
Case #50: 249999 249999
Case #51: 0 0
Case #52: 1 1
Case #53: 499999 499999
Case #54: 0 0
Case #55: 1 1
Case #56: 1 1
Case #57: 1 0
Case #58: 1 0
Case #59: 1 1
Case #60: 1 1
Case #61: 1 0
Case #62: 0 0
Case #63: 0 0
Case #64: 1 0
Case #65: 0 0
Case #66: 0 0
Case #67: 0 0
Case #68: 0 0
Case #69: 1 0
Case #70: 0 0
Case #71: 0 0
Case #72: 0 0
Case #73: 0 0
Case #74: 500000 499999
Case #75: 3 2
Case #76: 0 0
Case #77: 0 0
Case #78: 7812 7811
Case #79: 1 0
Case #80: 0 0
Case #81: 0 0
Case #82: 1 0
Case #83: 0 0
Case #84: 1 0
Case #85: 0 0
Case #86: 0 0
Case #87: 1 1
Case #88: 1 0
Case #89: 0 0
Case #90: 0 0
Case #91: 0 0
Case #92: 0 0
Case #93: 0 0
Case #94: 0 0
Case #95: 0 0
Case #96: 0 0
Case #97: 0 0
Case #98: 250000 249999
Case #99: 2 2
Case #100: 1 1
