Case #1: 1 0
Case #2: 1 0
Case #3: 1 1
Case #4: 0 0
Case #5: 500 499
Case #6: 0 0
Case #7: 1 0
Case #8: 2 1
Case #9: 0 0
Case #10: 499 499
Case #11: 0 0
Case #12: 3 2
Case #13: 0 0
Case #14: 0 0
Case #15: 1 1
Case #16: 0 0
Case #17: 1 1
Case #18: 0 0
Case #19: 0 0
Case #20: 0 0
Case #21: 0 0
Case #22: 0 0
Case #23: 0 0
Case #24: 0 0
Case #25: 1 0
Case #26: 0 0
Case #27: 1 1
Case #28: 1 0
Case #29: 0 0
Case #30: 0 0
Case #31: 125 124
Case #32: 3 2
Case #33: 0 0
Case #34: 1 0
Case #35: 3 3
Case #36: 1 1
Case #37: 0 0
Case #38: 0 0
Case #39: 0 0
Case #40: 1 0
Case #41: 1 1
Case #42: 3 3
Case #43: 3 2
Case #44: 0 0
Case #45: 1 1
Case #46: 0 0
Case #47: 0 0
Case #48: 0 0
Case #49: 250 249
Case #50: 1 0
Case #51: 0 0
Case #52: 0 0
Case #53: 1 0
Case #54: 0 0
Case #55: 0 0
Case #56: 3 2
Case #57: 1 0
Case #58: 1 0
Case #59: 0 0
Case #60: 1 0
Case #61: 0 0
Case #62: 2 2
Case #63: 1 1
Case #64: 1 0
Case #65: 0 0
Case #66: 3 3
Case #67: 0 0
Case #68: 0 0
Case #69: 3 3
Case #70: 7 6
Case #71: 1 0
Case #72: 1 1
Case #73: 0 0
Case #74: 0 0
Case #75: 0 0
Case #76: 0 0
Case #77: 0 0
Case #78: 1 0
Case #79: 1 0
Case #80: 0 0
Case #81: 0 0
Case #82: 0 0
Case #83: 1 0
Case #84: 250 249
Case #85: 1 1
Case #86: 7 6
Case #87: 0 0
Case #88: 1 0
Case #89: 0 0
Case #90: 249 249
Case #91: 0 0
Case #92: 1 0
Case #93: 0 0
Case #94: 0 0
Case #95: 1 0
Case #96: 1 0
Case #97: 0 0
Case #98: 1 1
Case #99: 0 0
Case #100: 0 0
