Case #1: 1 0
Case #2: 1 0
Case #3: 1 1
Case #4: 0 0
Case #5: 500 499
Case #6: 1 1
Case #7: 1 0
Case #8: 0 0
Case #9: 1 0
Case #10: 0 0
Case #11: 0 0
Case #12: 1 1
Case #13: 0 0
Case #14: 0 0
Case #15: 0 0
Case #16: 1 0
Case #17: 3 2
Case #18: 1 0
Case #19: 1 0
Case #20: 1 1
Case #21: 1 0
Case #22: 0 0
Case #23: 0 0
Case #24: 0 0
Case #25: 0 0
Case #26: 1 0
Case #27: 0 0
Case #28: 0 0
Case #29: 0 0
Case #30: 0 0
Case #31: 0 0
Case #32: 125 124
Case #33: 7 6
Case #34: 1 0
Case #35: 0 0
Case #36: 1 0
Case #37: 0 0
Case #38: 0 0
Case #39: 3 3
Case #40: 7 6
Case #41: 1 1
Case #42: 0 0
Case #43: 3 3
Case #44: 3 2
Case #45: 0 0
Case #46: 0 0
Case #47: 0 0
Case #48: 0 0
Case #49: 0 0
Case #50: 1 0
Case #51: 1 0
Case #52: 2 2
Case #53: 0 0
Case #54: 0 0
Case #55: 1 0
Case #56: 0 0
Case #57: 249 249
Case #58: 0 0
Case #59: 0 0
Case #60: 3 2
Case #61: 0 0
Case #62: 0 0
Case #63: 0 0
Case #64: 1 0
Case #65: 0 0
Case #66: 0 0
Case #67: 0 0
Case #68: 0 0
Case #69: 1 0
Case #70: 0 0
Case #71: 1 0
Case #72: 1 0
Case #73: 1 1
Case #74: 499 499
Case #75: 0 0
Case #76: 3 3
Case #77: 0 0
Case #78: 0 0
Case #79: 0 0
Case #80: 0 0
Case #81: 1 1
Case #82: 1 1
Case #83: 1 0
Case #84: 1 1
Case #85: 0 0
Case #86: 0 0
Case #87: 0 0
Case #88: 0 0
Case #89: 2 1
Case #90: 3 3
Case #91: 1 0
Case #92: 0 0
Case #93: 1 1
Case #94: 1 0
Case #95: 3 2
Case #96: 1 1
Case #97: 250 249
Case #98: 0 0
Case #99: 0 0
Case #100: 250 249
